# JRE version: OpenJDK Runtime Environment Temurin-17.0.12+7 (17.0.12+7) (build 17.0.12+7)
# Java VM: OpenJDK 64-Bit Server VM Temurin-17.0.12+7 (17.0.12+7, mixed mode, sharing, tiered, compressed oops, compressed class ptrs, g1 gc, windows-amd64)
GC Precious Log:
 CPUs: 12 total, 12 available
 Memory: 16209M
 Large Page Support: Disabled
 NUMA Support: Disabled
 Compressed Oops: Enabled (Zero based)
 Heap Region Size: 2M
 Heap Min Capacity: 8M
 Heap Initial Capacity: 254M
 Heap Max Capacity: 4054M
 Pre-touch: Disabled
 Parallel Workers: 10
 Concurrent Workers: 3
 Concurrent Refinement Workers: 10
 Periodic GC: Disabled
Heap:
 garbage-first heap   total 1024000K, used 375816K [0x0000000702a00000, 0x0000000800000000)
  region size 2048K, 75 young (153600K), 31 survivors (63488K)
 Metaspace       used 102048K, committed 103744K, reserved 1179648K
  class space    used 14753K, committed 15488K, reserved 1048576K
GC Heap History (20 events):
Event: 6.786 GC heap before
{Heap before GC invocations=16 (full 0):
 garbage-first heap   total 325632K, used 111625K [0x0000000702a00000, 0x0000000800000000)
  region size 2048K, 10 young (20480K), 9 survivors (18432K)
 Metaspace       used 45969K, committed 47296K, reserved 1114112K
  class space    used 5764K, committed 6336K, reserved 1048576K
}
Event: 6.796 GC heap after
{Heap after GC invocations=17 (full 0):
 garbage-first heap   total 325632K, used 109966K [0x0000000702a00000, 0x0000000800000000)
  region size 2048K, 1 young (2048K), 1 survivors (2048K)
 Metaspace       used 45969K, committed 47296K, reserved 1114112K
  class space    used 5764K, committed 6336K, reserved 1048576K
}
Event: 7.214 GC heap before
{Heap before GC invocations=17 (full 0):
 garbage-first heap   total 325632K, used 269710K [0x0000000702a00000, 0x0000000800000000)
  region size 2048K, 79 young (161792K), 1 survivors (2048K)
 Metaspace       used 48004K, committed 49408K, reserved 1114112K
  class space    used 6101K, committed 6720K, reserved 1048576K
}
Event: 7.230 GC heap after
{Heap after GC invocations=18 (full 0):
 garbage-first heap   total 800768K, used 126877K [0x0000000702a00000, 0x0000000800000000)
  region size 2048K, 10 young (20480K), 10 survivors (20480K)
 Metaspace       used 48004K, committed 49408K, reserved 1114112K
  class space    used 6101K, committed 6720K, reserved 1048576K
}
Event: 8.771 GC heap before
{Heap before GC invocations=18 (full 0):
 garbage-first heap   total 800768K, used 505757K [0x0000000702a00000, 0x0000000800000000)
  region size 2048K, 197 young (403456K), 10 survivors (20480K)
 Metaspace       used 59305K, committed 60608K, reserved 1114112K
  class space    used 8326K, committed 8896K, reserved 1048576K
}
Event: 8.806 GC heap after
{Heap after GC invocations=19 (full 0):
 garbage-first heap   total 800768K, used 166449K [0x0000000702a00000, 0x0000000800000000)
  region size 2048K, 29 young (59392K), 29 survivors (59392K)
 Metaspace       used 59305K, committed 60608K, reserved 1114112K
  class space    used 8326K, committed 8896K, reserved 1048576K
}
Event: 10.930 GC heap before
{Heap before GC invocations=20 (full 0):
 garbage-first heap   total 581632K, used 455217K [0x0000000702a00000, 0x0000000800000000)
  region size 2048K, 170 young (348160K), 29 survivors (59392K)
 Metaspace       used 84097K, committed 85696K, reserved 1179648K
  class space    used 11960K, committed 12672K, reserved 1048576K
}
Event: 10.962 GC heap after
{Heap after GC invocations=21 (full 0):
 garbage-first heap   total 581632K, used 184454K [0x0000000702a00000, 0x0000000800000000)
  region size 2048K, 10 young (20480K), 10 survivors (20480K)
 Metaspace       used 84097K, committed 85696K, reserved 1179648K
  class space    used 11960K, committed 12672K, reserved 1048576K
}
Event: 11.022 GC heap before
{Heap before GC invocations=21 (full 0):
 garbage-first heap   total 581632K, used 192646K [0x0000000702a00000, 0x0000000800000000)
  region size 2048K, 14 young (28672K), 10 survivors (20480K)
 Metaspace       used 84851K, committed 86400K, reserved 1179648K
  class space    used 12061K, committed 12736K, reserved 1048576K
}
Event: 11.033 GC heap after
{Heap after GC invocations=22 (full 0):
 garbage-first heap   total 581632K, used 186597K [0x0000000702a00000, 0x0000000800000000)
  region size 2048K, 2 young (4096K), 2 survivors (4096K)
 Metaspace       used 84851K, committed 86400K, reserved 1179648K
  class space    used 12061K, committed 12736K, reserved 1048576K
}
Event: 12.076 GC heap before
{Heap before GC invocations=22 (full 0):
 garbage-first heap   total 581632K, used 456933K [0x0000000702a00000, 0x0000000800000000)
  region size 2048K, 132 young (270336K), 2 survivors (4096K)
 Metaspace       used 94715K, committed 96320K, reserved 1179648K
  class space    used 13728K, committed 14464K, reserved 1048576K
}
Event: 12.091 GC heap after
{Heap after GC invocations=23 (full 0):
 garbage-first heap   total 581632K, used 201398K [0x0000000702a00000, 0x0000000800000000)
  region size 2048K, 10 young (20480K), 10 survivors (20480K)
 Metaspace       used 94715K, committed 96320K, reserved 1179648K
  class space    used 13728K, committed 14464K, reserved 1048576K
}
Event: 12.230 GC heap before
{Heap before GC invocations=23 (full 0):
 garbage-first heap   total 581632K, used 457398K [0x0000000702a00000, 0x0000000800000000)
  region size 2048K, 136 young (278528K), 10 survivors (20480K)
 Metaspace       used 95142K, committed 96768K, reserved 1179648K
  class space    used 13785K, committed 14464K, reserved 1048576K
}
Event: 12.246 GC heap after
{Heap after GC invocations=24 (full 0):
 garbage-first heap   total 581632K, used 208700K [0x0000000702a00000, 0x0000000800000000)
  region size 2048K, 5 young (10240K), 5 survivors (10240K)
 Metaspace       used 95142K, committed 96768K, reserved 1179648K
  class space    used 13785K, committed 14464K, reserved 1048576K
}
Event: 12.670 GC heap before
{Heap before GC invocations=24 (full 0):
 garbage-first heap   total 581632K, used 479036K [0x0000000702a00000, 0x0000000800000000)
  region size 2048K, 132 young (270336K), 5 survivors (10240K)
 Metaspace       used 96447K, committed 98112K, reserved 1179648K
  class space    used 13971K, committed 14720K, reserved 1048576K
}
Event: 12.687 GC heap after
{Heap after GC invocations=25 (full 0):
 garbage-first heap   total 581632K, used 225253K [0x0000000702a00000, 0x0000000800000000)
  region size 2048K, 13 young (26624K), 13 survivors (26624K)
 Metaspace       used 96447K, committed 98112K, reserved 1179648K
  class space    used 13971K, committed 14720K, reserved 1048576K
}
Event: 13.678 GC heap before
{Heap before GC invocations=25 (full 0):
 garbage-first heap   total 581632K, used 471013K [0x0000000702a00000, 0x0000000800000000)
  region size 2048K, 133 young (272384K), 13 survivors (26624K)
 Metaspace       used 97166K, committed 98816K, reserved 1179648K
  class space    used 14055K, committed 14784K, reserved 1048576K
}
Event: 13.723 GC heap after
{Heap after GC invocations=26 (full 0):
 garbage-first heap   total 1044480K, used 260510K [0x0000000702a00000, 0x0000000800000000)
  region size 2048K, 17 young (34816K), 17 survivors (34816K)
 Metaspace       used 97166K, committed 98816K, reserved 1179648K
  class space    used 14055K, committed 14784K, reserved 1048576K
}
Event: 15.816 GC heap before
{Heap before GC invocations=26 (full 0):
 garbage-first heap   total 1044480K, used 594334K [0x0000000702a00000, 0x0000000800000000)
  region size 2048K, 176 young (360448K), 17 survivors (34816K)
 Metaspace       used 99799K, committed 101440K, reserved 1179648K
  class space    used 14421K, committed 15168K, reserved 1048576K
}
Event: 15.854 GC heap after
{Heap after GC invocations=27 (full 0):
 garbage-first heap   total 1044480K, used 287752K [0x0000000702a00000, 0x0000000800000000)
  region size 2048K, 31 young (63488K), 31 survivors (63488K)
 Metaspace       used 99799K, committed 101440K, reserved 1179648K
  class space    used 14421K, committed 15168K, reserved 1048576K
}

